<?xml version="1.0" encoding="UTF-8"?>
<testsuite xmlns:xsi="http://www.w3.org/2001/XMLSchema-instance" xsi:noNamespaceSchemaLocation="https://maven.apache.org/surefire/maven-surefire-plugin/xsd/surefire-test-report.xsd" version="3.0.2" name="com.mini.hotel.HotelManagementSystemApplicationTests" time="2.998" tests="1" errors="0" skipped="0" failures="0">
  <properties>
[...]
</properties>
  <testcase name="contextLoads" classname="com.mini.hotel.HotelManagementSystemApplicationTests" time="0.873">
    <system-out><![CDATA[11:08:03.873 [main] INFO org.springframework.test.context.support.AnnotationConfigContextLoaderUtils -- Could not detect default configuration classes for test class [com.mini.hotel.HotelManagementSystemApplicationTests]: HotelManagementSystemApplicationTests does not declare any static, non-private, non-final, nested classes annotated with @Configuration.
11:08:04.010 [main] INFO org.springframework.boot.test.context.SpringBootTestContextBootstrapper -- Found @SpringBootConfiguration com.mini.hotel.HotelManagementSystemApplication for test class com.mini.hotel.HotelManagementSystemApplicationTests

  .   ____          _            __ _ _
 /\\ / ___'_ __ _ _(_)_ __  __ _ \ \ \ \
( ( )\___ | '_ | '_| | '_ \/ _` | \ \ \ \
 \\/  ___)| |_)| | | | | || (_| |  ) ) ) )
  '  |____| .__|_| |_|_| |_\__, | / / / /
 =========|_|==============|___/=/_/_/_/

 :: Spring Boot ::                (v4.0.2)

2026-02-10T11:08:04.567+05:30  INFO 9382 --- [Hotel Management System] [           main] .h.HotelManagementSystemApplicationTests : Starting HotelManagementSystemApplicationTests using Java 21.0.10 with PID 9382 (started by pranav in /home/pranav/BrandSparkProjects/Training mini Project)
2026-02-10T11:08:04.570+05:30  INFO 9382 --- [Hotel Management System] [           main] .h.HotelManagementSystemApplicationTests : No active profile set, falling back to 1 default profile: "default"
2026-02-10T11:08:05.734+05:30  INFO 9382 --- [Hotel Management System] [           main] .h.HotelManagementSystemApplicationTests : Started HotelManagementSystemApplicationTests in 1.522 seconds (process running for 3.164)
]]></system-out>
    <system-err><![CDATA[Mockito is currently self-attaching to enable the inline-mock-maker. This will no longer work in future releases of the JDK. Please add Mockito as an agent to your build as described in Mockito's documentation: https://javadoc.io/doc/org.mockito/mockito-core/latest/org.mockito/org/mockito/Mockito.html#0.3
WARNING: A Java agent has been loaded dynamically (/home/pranav/.m2/repository/net/bytebuddy/byte-buddy-agent/1.17.8/byte-buddy-agent-1.17.8.jar)
WARNING: If a serviceability tool is in use, please run with -XX:+EnableDynamicAgentLoading to hide this warning
WARNING: If a serviceability tool is not in use, please run with -Djdk.instrument.traceUsage for more information
WARNING: Dynamic loading of agents will be disallowed by default in a future release
]]></system-err>
  </testcase>
</testsuite>